f:\opengl\openglminecraft\openglminecraft\debug\vc141.pdb
f:\opengl\openglminecraft\openglminecraft\debug\vc141.idb
f:\opengl\openglminecraft\openglminecraft\debug\openglminecraft.obj
f:\opengl\openglminecraft\openglminecraft\debug\camera.obj
f:\opengl\openglminecraft\openglminecraft\debug\shader.obj
f:\opengl\openglminecraft\openglminecraft\debug\material.obj
f:\opengl\openglminecraft\openglminecraft\debug\lightdirectional.obj
f:\opengl\openglminecraft\openglminecraft\debug\lightpoint.obj
f:\opengl\openglminecraft\openglminecraft\debug\lightbase.obj
f:\opengl\openglminecraft\openglminecraft\debug\lightspot.obj
f:\opengl\openglminecraft\openglminecraft\debug\openglminecraft.pch
f:\opengl\openglminecraft\openglminecraft\debug\pch.obj
f:\opengl\openglminecraft\openglminecraft\debug\glad.obj
f:\opengl\openglminecraft\debug\openglminecraft.pdb
f:\opengl\openglminecraft\openglminecraft\debug\openglminecraft.tlog\cl.command.1.tlog
f:\opengl\openglminecraft\openglminecraft\debug\openglminecraft.tlog\cl.read.1.tlog
f:\opengl\openglminecraft\openglminecraft\debug\openglminecraft.tlog\cl.write.1.tlog
f:\opengl\openglminecraft\openglminecraft\debug\openglminecraft.tlog\link-cvtres.read.1.tlog
f:\opengl\openglminecraft\openglminecraft\debug\openglminecraft.tlog\link-cvtres.write.1.tlog
f:\opengl\openglminecraft\openglminecraft\debug\openglminecraft.tlog\link-rc.read.1.tlog
f:\opengl\openglminecraft\openglminecraft\debug\openglminecraft.tlog\link-rc.write.1.tlog
f:\opengl\openglminecraft\openglminecraft\debug\openglminecraft.tlog\link.47044-cvtres.read.1.tlog
f:\opengl\openglminecraft\openglminecraft\debug\openglminecraft.tlog\link.47044-cvtres.write.1.tlog
f:\opengl\openglminecraft\openglminecraft\debug\openglminecraft.tlog\link.47044-rc.read.1.tlog
f:\opengl\openglminecraft\openglminecraft\debug\openglminecraft.tlog\link.47044-rc.write.1.tlog
f:\opengl\openglminecraft\openglminecraft\debug\openglminecraft.tlog\link.47044.read.1.tlog
f:\opengl\openglminecraft\openglminecraft\debug\openglminecraft.tlog\link.47044.write.1.tlog
f:\opengl\openglminecraft\openglminecraft\debug\openglminecraft.tlog\link.command.1.tlog
f:\opengl\openglminecraft\openglminecraft\debug\openglminecraft.tlog\link.read.1.tlog
f:\opengl\openglminecraft\openglminecraft\debug\openglminecraft.tlog\link.write.1.tlog
